Pull The Pin/Temp/gradleOut/launcher/build/intermediates/manifest_merge_blame_file/release/manifest-merger-blame-release-report.txt
1<?xml version="1.0" encoding="utf-8"?>
2<!-- GENERATED BY UNITY. REMOVE THIS COMMENT TO PREVENT OVERWRITING WHEN EXPORTING AGAIN -->
3<manifest xmlns:android="http://schemas.android.com/apk/res/android"
4    package="com.yudiz.PullThePin"
5    android:installLocation="preferExternal"
6    android:versionCode="3"
7    android:versionName="1.0" >
8
9    <uses-sdk
10        android:minSdkVersion="23"
10-->src/main/AndroidManifest.xml
11        android:targetSdkVersion="30" />
11-->src/main/AndroidManifest.xml
12
13    <supports-screens
13-->src/main/AndroidManifest.xml:4:3-163
14        android:anyDensity="true"
14-->src/main/AndroidManifest.xml:4:135-160
15        android:largeScreens="true"
15-->src/main/AndroidManifest.xml:4:78-105
16        android:normalScreens="true"
16-->src/main/AndroidManifest.xml:4:49-77
17        android:smallScreens="true"
17-->src/main/AndroidManifest.xml:4:21-48
18        android:xlargeScreens="true" />
18-->src/main/AndroidManifest.xml:4:106-134
19
20    <uses-feature android:glEsVersion="0x00030000" />
20-->[:unityLibrary] AndroidManifest.xml:13:5-54
20-->[:unityLibrary] AndroidManifest.xml:13:19-51
21    <uses-feature
21-->[:unityLibrary] AndroidManifest.xml:14:5-16:36
22        android:name="android.hardware.vulkan.version"
22-->[:unityLibrary] AndroidManifest.xml:15:9-55
23        android:required="false" />
23-->[:unityLibrary] AndroidManifest.xml:16:9-33
24
25    <uses-permission android:name="android.permission.VIBRATE" />
25-->[:unityLibrary] AndroidManifest.xml:18:5-66
25-->[:unityLibrary] AndroidManifest.xml:18:22-63
26
27    <uses-feature
27-->[:unityLibrary] AndroidManifest.xml:20:5-22:36
28        android:name="android.hardware.touchscreen"
28-->[:unityLibrary] AndroidManifest.xml:21:9-52
29        android:required="false" />
29-->[:unityLibrary] AndroidManifest.xml:22:9-33
30    <uses-feature
30-->[:unityLibrary] AndroidManifest.xml:23:5-25:36
31        android:name="android.hardware.touchscreen.multitouch"
31-->[:unityLibrary] AndroidManifest.xml:24:9-63
32        android:required="false" />
32-->[:unityLibrary] AndroidManifest.xml:25:9-33
33    <uses-feature
33-->[:unityLibrary] AndroidManifest.xml:26:5-28:36
34        android:name="android.hardware.touchscreen.multitouch.distinct"
34-->[:unityLibrary] AndroidManifest.xml:27:9-72
35        android:required="false" />
35-->[:unityLibrary] AndroidManifest.xml:28:9-33
36
37    <application
37-->src/main/AndroidManifest.xml:5:3-159
38        android:extractNativeLibs="true"
38-->src/main/AndroidManifest.xml:5:16-48
39        android:icon="@mipmap/app_icon"
39-->src/main/AndroidManifest.xml:5:82-113
40        android:label="@string/app_name"
40-->src/main/AndroidManifest.xml:5:49-81
41        android:roundIcon="@mipmap/app_icon_round" >
41-->src/main/AndroidManifest.xml:5:114-156
42        <activity
42-->[:unityLibrary] AndroidManifest.xml:31:9-51:20
43            android:name="com.unity3d.player.UnityPlayerActivity"
43-->[:unityLibrary] AndroidManifest.xml:32:13-66
44            android:configChanges="mcc|mnc|locale|touchscreen|keyboard|keyboardHidden|navigation|orientation|screenLayout|uiMode|screenSize|smallestScreenSize|fontScale|layoutDirection|density"
44-->[:unityLibrary] AndroidManifest.xml:33:13-194
45            android:hardwareAccelerated="false"
45-->[:unityLibrary] AndroidManifest.xml:34:13-48
46            android:launchMode="singleTask"
46-->[:unityLibrary] AndroidManifest.xml:35:13-44
47            android:resizeableActivity="false"
47-->[:unityLibrary] AndroidManifest.xml:36:13-47
48            android:screenOrientation="portrait"
48-->[:unityLibrary] AndroidManifest.xml:37:13-49
49            android:theme="@style/UnityThemeSelector" >
49-->[:unityLibrary] AndroidManifest.xml:38:13-54
50            <intent-filter>
50-->[:unityLibrary] AndroidManifest.xml:39:13-43:29
51                <action android:name="android.intent.action.MAIN" />
51-->[:unityLibrary] AndroidManifest.xml:40:17-69
51-->[:unityLibrary] AndroidManifest.xml:40:25-66
52
53                <category android:name="android.intent.category.LAUNCHER" />
53-->[:unityLibrary] AndroidManifest.xml:42:17-77
53-->[:unityLibrary] AndroidManifest.xml:42:27-74
54            </intent-filter>
55
56            <meta-data
56-->[:unityLibrary] AndroidManifest.xml:45:13-47:40
57                android:name="unityplayer.UnityActivity"
57-->[:unityLibrary] AndroidManifest.xml:46:17-57
58                android:value="true" />
58-->[:unityLibrary] AndroidManifest.xml:47:17-37
59            <meta-data
59-->[:unityLibrary] AndroidManifest.xml:48:13-50:40
60                android:name="android.notch_support"
60-->[:unityLibrary] AndroidManifest.xml:49:17-53
61                android:value="true" />
61-->[:unityLibrary] AndroidManifest.xml:50:17-37
62        </activity>
63
64        <meta-data
64-->[:unityLibrary] AndroidManifest.xml:53:9-55:33
65            android:name="unity.splash-mode"
65-->[:unityLibrary] AndroidManifest.xml:54:13-45
66            android:value="0" />
66-->[:unityLibrary] AndroidManifest.xml:55:13-30
67        <meta-data
67-->[:unityLibrary] AndroidManifest.xml:56:9-58:36
68            android:name="unity.splash-enable"
68-->[:unityLibrary] AndroidManifest.xml:57:13-47
69            android:value="True" />
69-->[:unityLibrary] AndroidManifest.xml:58:13-33
70        <meta-data
70-->[:unityLibrary] AndroidManifest.xml:59:9-61:37
71            android:name="unity.allow-resizable-window"
71-->[:unityLibrary] AndroidManifest.xml:60:13-56
72            android:value="False" />
72-->[:unityLibrary] AndroidManifest.xml:61:13-34
73        <meta-data
73-->[:unityLibrary] AndroidManifest.xml:62:9-64:50
74            android:name="notch.config"
74-->[:unityLibrary] AndroidManifest.xml:63:13-40
75            android:value="portrait|landscape" />
75-->[:unityLibrary] AndroidManifest.xml:64:13-47
76        <meta-data
76-->[:unityLibrary] AndroidManifest.xml:65:9-67:68
77            android:name="unity.build-id"
77-->[:unityLibrary] AndroidManifest.xml:66:13-42
78            android:value="e8f05dd4-9a49-482a-bb5e-cd390f05dc1b" />
78-->[:unityLibrary] AndroidManifest.xml:67:13-65
79    </application>
80
81</manifest>